<?xml version="1.0" encoding="UTF-8"?>
<!-- Generated by org.testng.reporters.JUnitReportReporter -->
<testsuite hostname="BM" failures="0" tests="1" name="com.elements.SelectOfficeCheckBox" time="21.429" errors="0" timestamp="2023-09-05T13:26:57 IST" skipped="0">
  <testcase classname="com.elements.SelectOfficeCheckBox" name="selectOfficeCheckBox" time="21.429"/>
  <system-out/>
</testsuite> <!-- com.elements.SelectOfficeCheckBox -->
