<?xml version="1.0" encoding="UTF-8"?>
<!-- Generated by org.testng.reporters.JUnitReportReporter -->
<testsuite hostname="BM" failures="0" tests="1" name="com.interaction.CursorStyleDraggable" time="32.329" errors="0" timestamp="2023-09-05T13:15:13 IST" skipped="0">
  <testcase classname="com.interaction.CursorStyleDraggable" name="cursorStyleDraggable" time="32.329"/>
  <system-out/>
</testsuite> <!-- com.interaction.CursorStyleDraggable -->
