<?xml version="1.0" encoding="UTF-8"?>
<!-- Generated by org.testng.reporters.JUnitReportReporter -->
<testsuite hostname="BM" failures="0" tests="1" name="com.alerts.TimerAlertButton" time="22.622" errors="0" timestamp="2023-09-05T13:03:11 IST" skipped="0">
  <testcase classname="com.alerts.TimerAlertButton" name="timerAlertButton" time="22.622"/>
  <system-out/>
</testsuite> <!-- com.alerts.TimerAlertButton -->
