<?xml version="1.0" encoding="UTF-8"?>
<!-- Generated by org.testng.reporters.JUnitReportReporter -->
<testsuite hostname="BM" failures="0" tests="1" name="com.modaldialogs.LargeModal" time="27.042" errors="0" timestamp="2023-09-05T12:59:59 IST" skipped="0">
  <testcase classname="com.modaldialogs.LargeModal" name="largeModal" time="27.042"/>
  <system-out/>
</testsuite> <!-- com.modaldialogs.LargeModal -->
