<?xml version="1.0" encoding="UTF-8"?>
<!-- Generated by org.testng.reporters.JUnitReportReporter -->
<testsuite hostname="BM" failures="0" tests="1" name="com.alerts.AlertButton" time="25.027" errors="0" timestamp="2023-09-05T13:01:22 IST" skipped="0">
  <testcase classname="com.alerts.AlertButton" name="alertButton" time="25.027"/>
  <system-out/>
</testsuite> <!-- com.alerts.AlertButton -->
