<?xml version="1.0" encoding="UTF-8"?>
<!-- Generated by org.testng.reporters.JUnitReportReporter -->
<testsuite hostname="BM" failures="0" tests="1" name="com.browserwindow.NewWindow" time="18.607" errors="0" timestamp="2023-09-05T13:04:48 IST" skipped="0">
  <testcase classname="com.browserwindow.NewWindow" name="newWindow" time="18.607"/>
  <system-out/>
</testsuite> <!-- com.browserwindow.NewWindow -->
