<?xml version="1.0" encoding="UTF-8"?>
<!-- Generated by org.testng.reporters.JUnitReportReporter -->
<testsuite hostname="BM" failures="0" tests="1" name="com.elements.RadioButton" time="18.135" errors="0" timestamp="2023-09-05T13:22:47 IST" skipped="0">
  <testcase classname="com.elements.RadioButton" name="radioButton" time="18.135"/>
  <system-out/>
</testsuite> <!-- com.elements.RadioButton -->
