<?xml version="1.0" encoding="UTF-8"?>
<!-- Generated by org.testng.reporters.JUnitReportReporter -->
<testsuite hostname="BM" failures="0" tests="1" name="com.elements.AddWebTable" time="34.614" errors="0" timestamp="2023-09-05T13:19:05 IST" skipped="0">
  <testcase classname="com.elements.AddWebTable" name="addWebTable" time="34.614"/>
  <system-out/>
</testsuite> <!-- com.elements.AddWebTable -->
