<?xml version="1.0" encoding="UTF-8"?>
<!-- Generated by org.testng.reporters.JUnitReportReporter -->
<testsuite hostname="BM" failures="0" tests="1" name="com.interaction.Droppable" time="19.924" errors="0" timestamp="2023-09-02T13:30:12 IST" skipped="0">
  <testcase classname="com.interaction.Droppable" name="newWindowMessage" time="19.924"/>
  <system-out/>
</testsuite> <!-- com.interaction.Droppable -->
