<?xml version="1.0" encoding="UTF-8"?>
<!-- Generated by org.testng.reporters.JUnitReportReporter -->
<testsuite hostname="BM" failures="0" tests="1" name="com.alerts.ConfirmButton" time="21.232" errors="0" timestamp="2023-09-05T13:01:54 IST" skipped="0">
  <testcase classname="com.alerts.ConfirmButton" name="confirmButton" time="21.232"/>
  <system-out/>
</testsuite> <!-- com.alerts.ConfirmButton -->
