<?xml version="1.0" encoding="UTF-8"?>
<!-- Generated by org.testng.reporters.JUnitReportReporter -->
<testsuite hostname="BM" failures="0" tests="1" name="com.elements.SelectDekstopCheckBox" time="21.361" errors="0" timestamp="2023-09-05T13:24:21 IST" skipped="0">
  <testcase classname="com.elements.SelectDekstopCheckBox" name="selectDekstopCheckBox" time="21.361"/>
  <system-out/>
</testsuite> <!-- com.elements.SelectDekstopCheckBox -->
