<?xml version="1.0" encoding="UTF-8"?>
<!-- Generated by org.testng.reporters.JUnitReportReporter -->
<testsuite hostname="BM" failures="0" tests="1" name="com.modaldialogs.SmallModal" time="24.973" errors="0" timestamp="2023-09-05T13:00:36 IST" skipped="0">
  <testcase classname="com.modaldialogs.SmallModal" name="smallModal" time="24.973"/>
  <system-out/>
</testsuite> <!-- com.modaldialogs.SmallModal -->
