<?xml version="1.0" encoding="UTF-8"?>
<!-- Generated by org.testng.reporters.JUnitReportReporter -->
<testsuite hostname="BM" failures="0" tests="1" name="com.interaction.ContainerRestrictedDraggable" time="29.079" errors="0" timestamp="2023-09-05T13:14:26 IST" skipped="0">
  <testcase classname="com.interaction.ContainerRestrictedDraggable" name="containerRestrictedDraggable" time="29.079"/>
  <system-out/>
</testsuite> <!-- com.interaction.ContainerRestrictedDraggable -->
