<?xml version="1.0" encoding="UTF-8"?>
<!-- Generated by org.testng.reporters.JUnitReportReporter -->
<testsuite hostname="BM" failures="0" tests="1" name="com.forms.SelectPicture" time="16.559" errors="0" timestamp="2023-09-01T21:21:36 IST" skipped="0">
  <testcase classname="com.forms.SelectPicture" name="selectPicture" time="16.559"/>
  <system-out/>
</testsuite> <!-- com.forms.SelectPicture -->
