<?xml version="1.0" encoding="UTF-8"?>
<!-- Generated by org.testng.reporters.JUnitReportReporter -->
<testsuite hostname="BM" failures="0" tests="1" name="com.interaction.AcceptDroppable" time="22.831" errors="0" timestamp="2023-09-05T13:12:52 IST" skipped="0">
  <testcase classname="com.interaction.AcceptDroppable" name="acceptDroppable" time="22.831"/>
  <system-out/>
</testsuite> <!-- com.interaction.AcceptDroppable -->
