<?xml version="1.0" encoding="UTF-8"?>
<!-- Generated by org.testng.reporters.JUnitReportReporter -->
<testsuite hostname="BM" failures="0" tests="1" name="com.forms.SelectState" time="21.672" errors="0" timestamp="2023-09-05T13:08:44 IST" skipped="0">
  <testcase classname="com.forms.SelectState" name="selectState" time="21.672"/>
  <system-out/>
</testsuite> <!-- com.forms.SelectState -->
