<?xml version="1.0" encoding="UTF-8"?>
<!-- Generated by org.testng.reporters.JUnitReportReporter -->
<testsuite hostname="BM" failures="0" tests="1" name="com.elements.UploadAndDownload" time="25.583" errors="0" timestamp="2023-09-05T13:28:50 IST" skipped="0">
  <testcase classname="com.elements.UploadAndDownload" name="uploadAndDownload" time="25.583"/>
  <system-out/>
</testsuite> <!-- com.elements.UploadAndDownload -->
