<?xml version="1.0" encoding="UTF-8"?>
<!-- Generated by org.testng.reporters.JUnitReportReporter -->
<testsuite hostname="BM" failures="0" tests="1" name="com.interaction.PreventPropogationDroppable" time="22.760" errors="0" timestamp="2023-09-05T13:15:49 IST" skipped="0">
  <testcase classname="com.interaction.PreventPropogationDroppable" name="preventPropogationDroppable" time="22.760"/>
  <system-out/>
</testsuite> <!-- com.interaction.PreventPropogationDroppable -->
