<?xml version="1.0" encoding="UTF-8"?>
<!-- Generated by org.testng.reporters.JUnitReportReporter -->
<testsuite hostname="BM" failures="0" tests="1" name="com.elements.EditWebTable" time="26.753" errors="0" timestamp="2023-09-05T13:22:18 IST" skipped="0">
  <testcase classname="com.elements.EditWebTable" name="editWebTable" time="26.753"/>
  <system-out/>
</testsuite> <!-- com.elements.EditWebTable -->
