<?xml version="1.0" encoding="UTF-8"?>
<!-- Generated by org.testng.reporters.JUnitReportReporter -->
<testsuite hostname="BM" failures="0" tests="1" name="com.elements.RightClickMeButton" time="19.945" errors="0" timestamp="2023-09-05T13:23:47 IST" skipped="0">
  <testcase classname="com.elements.RightClickMeButton" name="rightClickMeButton" time="19.945"/>
  <system-out/>
</testsuite> <!-- com.elements.RightClickMeButton -->
