<?xml version="1.0" encoding="UTF-8"?>
<!-- Generated by org.testng.reporters.JUnitReportReporter -->
<testsuite hostname="BM" failures="0" tests="1" name="com.interaction.Draggable" time="29.324" errors="0" timestamp="2023-09-05T11:58:32 IST" skipped="0">
  <testcase classname="com.interaction.Draggable" name="draggable" time="29.324"/>
  <system-out/>
</testsuite> <!-- com.interaction.Draggable -->
