<?xml version="1.0" encoding="UTF-8"?>
<!-- Generated by org.testng.reporters.JUnitReportReporter -->
<testsuite hostname="BM" failures="0" tests="1" name="com.interaction.RevertDraggable" time="25.986" errors="0" timestamp="2023-09-05T13:16:58 IST" skipped="0">
  <testcase classname="com.interaction.RevertDraggable" name="revertDroppable" time="25.986"/>
  <system-out/>
</testsuite> <!-- com.interaction.RevertDraggable -->
