<?xml version="1.0" encoding="UTF-8"?>
<!-- Generated by org.testng.reporters.JUnitReportReporter -->
<testsuite hostname="BM" failures="0" tests="1" name="com.forms.SelectDateOfBirth" time="22.710" errors="0" timestamp="2023-09-05T13:06:56 IST" skipped="0">
  <testcase classname="com.forms.SelectDateOfBirth" name="selectDateOfBirth" time="22.710"/>
  <system-out/>
</testsuite> <!-- com.forms.SelectDateOfBirth -->
