<?xml version="1.0" encoding="UTF-8"?>
<!-- Generated by org.testng.reporters.JUnitReportReporter -->
<testsuite hostname="BM" failures="0" tests="1" name="com.interaction.SimpleDroppable" time="19.869" errors="0" timestamp="2023-09-05T13:18:05 IST" skipped="0">
  <testcase classname="com.interaction.SimpleDroppable" name="simpleDroppable" time="19.869"/>
  <system-out/>
</testsuite> <!-- com.interaction.SimpleDroppable -->
