<?xml version="1.0" encoding="UTF-8"?>
<!-- Generated by org.testng.reporters.JUnitReportReporter -->
<testsuite hostname="BM" failures="0" tests="1" name="com.alerts.PromtButton" time="24.642" errors="0" timestamp="2023-09-05T13:02:36 IST" skipped="0">
  <testcase classname="com.alerts.PromtButton" name="promtButton" time="24.642"/>
  <system-out/>
</testsuite> <!-- com.alerts.PromtButton -->
