<?xml version="1.0" encoding="UTF-8"?>
<!-- Generated by org.testng.reporters.JUnitReportReporter -->
<testsuite hostname="BM" failures="0" tests="1" name="com.forms.SelectHobbies" time="23.837" errors="0" timestamp="2023-09-05T13:08:02 IST" skipped="0">
  <testcase classname="com.forms.SelectHobbies" name="selectHobby" time="23.837"/>
  <system-out/>
</testsuite> <!-- com.forms.SelectHobbies -->
