<?xml version="1.0" encoding="UTF-8"?>
<!-- Generated by org.testng.reporters.JUnitReportReporter -->
<testsuite hostname="BM" failures="0" tests="1" name="com.elements.SelectDownloadsCheckBox" time="21.028" errors="0" timestamp="2023-09-05T13:25:52 IST" skipped="0">
  <testcase classname="com.elements.SelectDownloadsCheckBox" name="selectDownloadCheckBox" time="21.028"/>
  <system-out/>
</testsuite> <!-- com.elements.SelectDownloadsCheckBox -->
