<?xml version="1.0" encoding="UTF-8"?>
<!-- Generated by org.testng.reporters.JUnitReportReporter -->
<testsuite hostname="BM" failures="0" tests="1" name="com.forms.SubmitForm" time="78.843" errors="0" timestamp="2023-09-05T13:10:57 IST" skipped="0">
  <testcase classname="com.forms.SubmitForm" name="submitForm" time="78.843"/>
  <system-out/>
</testsuite> <!-- com.forms.SubmitForm -->
