<?xml version="1.0" encoding="UTF-8"?>
<!-- Generated by org.testng.reporters.JUnitReportReporter -->
<testsuite hostname="BM" failures="0" tests="1" name="com.forms.SelectSubjects" time="22.044" errors="0" timestamp="2023-09-05T13:34:12 IST" skipped="0">
  <testcase classname="com.forms.SelectSubjects" name="selectSubjects" time="22.044"/>
  <system-out/>
</testsuite> <!-- com.forms.SelectSubjects -->
