<?xml version="1.0" encoding="UTF-8"?>
<!-- Generated by org.testng.reporters.JUnitReportReporter -->
<testsuite hostname="BM" failures="0" tests="1" name="com.elements.DeselectAllCheckBox" time="27.250" errors="0" timestamp="2023-09-05T13:21:04 IST" skipped="0">
  <testcase classname="com.elements.DeselectAllCheckBox" name="deselectAllCheckBox" time="27.250"/>
  <system-out/>
</testsuite> <!-- com.elements.DeselectAllCheckBox -->
