<?xml version="1.0" encoding="UTF-8"?>
<!-- Generated by org.testng.reporters.JUnitReportReporter -->
<testsuite hostname="BM" failures="0" tests="1" name="com.forms.SelectGender" time="15.622" errors="0" timestamp="2023-09-05T13:07:26 IST" skipped="0">
  <testcase classname="com.forms.SelectGender" name="selectGender" time="15.622"/>
  <system-out/>
</testsuite> <!-- com.forms.SelectGender -->
