<?xml version="1.0" encoding="UTF-8"?>
<!-- Generated by org.testng.reporters.JUnitReportReporter -->
<testsuite hostname="BM" failures="0" tests="1" name="com.forms.SelectCity" time="33.447" errors="0" timestamp="2023-09-05T13:06:21 IST" skipped="0">
  <testcase classname="com.forms.SelectCity" name="selectCity" time="33.447"/>
  <system-out/>
</testsuite> <!-- com.forms.SelectCity -->
