<?xml version="1.0" encoding="UTF-8"?>
<!-- Generated by org.testng.reporters.JUnitReportReporter -->
<testsuite hostname="BM" failures="0" tests="1" name="com.interaction.AxiSRestrictedDraggable" time="26.408" errors="0" timestamp="2023-09-05T13:13:38 IST" skipped="0">
  <testcase classname="com.interaction.AxiSRestrictedDraggable" name="axisRestrictedDraggable" time="26.408"/>
  <system-out/>
</testsuite> <!-- com.interaction.AxiSRestrictedDraggable -->
