<?xml version="1.0" encoding="UTF-8"?>
<!-- Generated by org.testng.reporters.JUnitReportReporter -->
<testsuite hostname="BM" failures="0" tests="1" name="com.elements.SelectHomeCheckBox" time="21.364" errors="0" timestamp="2023-09-05T13:26:24 IST" skipped="0">
  <testcase classname="com.elements.SelectHomeCheckBox" name="selectHomeCheckBox" time="21.364"/>
  <system-out/>
</testsuite> <!-- com.elements.SelectHomeCheckBox -->
