<?xml version="1.0" encoding="UTF-8"?>
<!-- Generated by org.testng.reporters.JUnitReportReporter -->
<testsuite hostname="BM" failures="0" tests="1" name="com.elements.DoubleClickMeButton" time="23.265" errors="0" timestamp="2023-09-05T13:21:40 IST" skipped="0">
  <testcase classname="com.elements.DoubleClickMeButton" name="doubleClickMeButton" time="23.265"/>
  <system-out/>
</testsuite> <!-- com.elements.DoubleClickMeButton -->
