<?xml version="1.0" encoding="UTF-8"?>
<!-- Generated by org.testng.reporters.JUnitReportReporter -->
<testsuite hostname="BM" failures="0" tests="1" name="com.elements.SelectDocumentsCheckBox" time="34.102" errors="0" timestamp="2023-09-05T13:25:14 IST" skipped="0">
  <testcase classname="com.elements.SelectDocumentsCheckBox" name="selectDocumentsCheckBox" time="34.102"/>
  <system-out/>
</testsuite> <!-- com.elements.SelectDocumentsCheckBox -->
