<?xml version="1.0" encoding="UTF-8"?>
<!-- Generated by org.testng.reporters.JUnitReportReporter -->
<testsuite hostname="BM" failures="0" tests="1" name="com.browserwindow.NewWindowMessage" time="17.328" errors="0" timestamp="2023-09-05T13:05:20 IST" skipped="0">
  <testcase classname="com.browserwindow.NewWindowMessage" name="newWindowMessage" time="17.328"/>
  <system-out/>
</testsuite> <!-- com.browserwindow.NewWindowMessage -->
