<?xml version="1.0" encoding="UTF-8"?>
<!-- Generated by org.testng.reporters.JUnitReportReporter -->
<testsuite hostname="BM" failures="0" tests="1" name="com.forms.UploadPicture" time="16.401" errors="0" timestamp="2023-09-05T13:33:12 IST" skipped="0">
  <testcase classname="com.forms.UploadPicture" name="uploadPicture" time="16.401"/>
  <system-out/>
</testsuite> <!-- com.forms.UploadPicture -->
