<?xml version="1.0" encoding="UTF-8"?>
<!-- Generated by org.testng.reporters.JUnitReportReporter -->
<testsuite hostname="BM" failures="0" tests="1" name="com.elements.Buttons" time="48.367" errors="0" timestamp="2023-08-31T22:08:33 IST" skipped="0">
  <testcase classname="com.elements.Buttons" name="buttons" time="48.367"/>
  <system-out/>
</testsuite> <!-- com.elements.Buttons -->
