<?xml version="1.0" encoding="UTF-8"?>
<!-- Generated by org.testng.reporters.JUnitReportReporter -->
<testsuite hostname="BM" failures="0" tests="1" name="com.forms.AddSubjects" time="23.591" errors="0" timestamp="2023-08-30T21:18:21 IST" skipped="0">
  <testcase classname="com.forms.AddSubjects" name="run" time="23.591"/>
  <system-out/>
</testsuite> <!-- com.forms.AddSubjects -->
