<?xml version="1.0" encoding="UTF-8"?>
<!-- Generated by org.testng.reporters.JUnitReportReporter -->
<testsuite hostname="BM" failures="0" tests="1" name="com.elements.ClickMeButton" time="27.510" errors="0" timestamp="2023-09-05T13:19:43 IST" skipped="0">
  <testcase classname="com.elements.ClickMeButton" name="clickMeButton" time="27.510"/>
  <system-out/>
</testsuite> <!-- com.elements.ClickMeButton -->
