<?xml version="1.0" encoding="UTF-8"?>
<!-- Generated by org.testng.reporters.JUnitReportReporter -->
<testsuite hostname="BM" failures="0" tests="1" name="com.elements.DeleteWebTable" time="18.396" errors="0" timestamp="2023-09-05T13:20:27 IST" skipped="0">
  <testcase classname="com.elements.DeleteWebTable" name="deleteWebTable" time="18.396"/>
  <system-out/>
</testsuite> <!-- com.elements.DeleteWebTable -->
