<?xml version="1.0" encoding="UTF-8"?>
<!-- Generated by org.testng.reporters.JUnitReportReporter -->
<testsuite hostname="BM" failures="0" tests="1" name="com.interaction.SimpleDraggable" time="19.845" errors="0" timestamp="2023-09-05T13:17:33 IST" skipped="0">
  <testcase classname="com.interaction.SimpleDraggable" name="simpleDraggable" time="19.845"/>
  <system-out/>
</testsuite> <!-- com.interaction.SimpleDraggable -->
