<?xml version="1.0" encoding="UTF-8"?>
<!-- Generated by org.testng.reporters.JUnitReportReporter -->
<testsuite hostname="BM" failures="0" tests="1" name="com.interaction.acceptDraggable" time="30.491" errors="0" timestamp="2023-09-05T12:12:42 IST" skipped="0">
  <testcase classname="com.interaction.acceptDraggable" name="simpleDraggable" time="30.491"/>
  <system-out/>
</testsuite> <!-- com.interaction.acceptDraggable -->
