<?xml version="1.0" encoding="UTF-8"?>
<!-- Generated by org.testng.reporters.JUnitReportReporter -->
<testsuite hostname="BM" failures="0" tests="1" name="com.browserwindow.NewTab" time="17.109" errors="0" timestamp="2023-09-05T13:03:55 IST" skipped="0">
  <testcase classname="com.browserwindow.NewTab" name="newTab" time="17.109"/>
  <system-out/>
</testsuite> <!-- com.browserwindow.NewTab -->
