<?xml version="1.0" encoding="UTF-8"?>
<!-- Generated by org.testng.reporters.JUnitReportReporter -->
<testsuite hostname="BM" failures="0" tests="1" name="com.elements.TestBox" time="25.886" errors="0" timestamp="2023-09-05T13:28:13 IST" skipped="0">
  <testcase classname="com.elements.TestBox" name="textBox" time="25.886"/>
  <system-out/>
</testsuite> <!-- com.elements.TestBox -->
