<?xml version="1.0" encoding="UTF-8"?>
<!-- Generated by org.testng.reporters.JUnitReportReporter -->
<testsuite hostname="BM" failures="0" tests="1" name="com.alerts.ClickButton" time="22.376" errors="0" timestamp="2023-09-01T14:51:52 IST" skipped="0">
  <testcase classname="com.alerts.ClickButton" name="clickButton" time="22.376"/>
  <system-out/>
</testsuite> <!-- com.alerts.ClickButton -->
